2025-08-05 13:51:22.929 [SpringApplicationShutdownHook] INFO  o.s.b.w.e.tomcat.GracefulShutdown.shutDownGracefully:54 - Commencing graceful shutdown. Waiting for active requests to complete
2025-08-05 13:51:22.945 [tomcat-shutdown] INFO  o.s.b.w.e.tomcat.GracefulShutdown.doShutdown:76 - Graceful shutdown complete
2025-08-05 13:51:22.996 [SpringApplicationShutdownHook] INFO  c.alibaba.druid.pool.DruidDataSource.close:2204 - {dataSource-1} closing ...
2025-08-05 13:51:23.001 [SpringApplicationShutdownHook] INFO  c.alibaba.druid.pool.DruidDataSource.close:2277 - {dataSource-1} closed
2025-08-05 13:51:47.383 [main] INFO  com.qg.PmpApplication.logStarting:53 - Starting PmpApplication using Java 21.0.5 with PID 57332 (C:\Users\28642\Java\QG暑假末期考核\QG-monitor\pmp\target\classes started by 28642 in C:\Users\28642\Java\QG暑假末期考核\QG-monitor\pmp)
2025-08-05 13:51:47.386 [main] DEBUG com.qg.PmpApplication.logStarting:54 - Running with Spring Boot v3.5.4, Spring v6.2.9
2025-08-05 13:51:47.386 [main] INFO  com.qg.PmpApplication.logStartupProfileInfo:652 - No active profile set, falling back to 1 default profile: "default"
2025-08-05 13:51:48.351 [main] INFO  o.s.d.r.c.RepositoryConfigurationDelegate.multipleStoresDetected:294 - Multiple Spring Data modules found, entering strict repository configuration mode
2025-08-05 13:51:48.354 [main] INFO  o.s.d.r.c.RepositoryConfigurationDelegate.registerRepositoriesIn:145 - Bootstrapping Spring Data Redis repositories in DEFAULT mode.
2025-08-05 13:51:48.378 [main] INFO  o.s.d.r.c.RepositoryConfigurationDelegate.registerRepositoriesIn:213 - Finished Spring Data repository scanning in 9 ms. Found 0 Redis repository interfaces.
2025-08-05 13:51:48.861 [main] INFO  o.s.b.w.e.tomcat.TomcatWebServer.initialize:111 - Tomcat initialized with port 8080 (http)
2025-08-05 13:51:48.876 [main] INFO  o.a.catalina.core.StandardService.log:168 - Starting service [Tomcat]
2025-08-05 13:51:48.877 [main] INFO  o.a.catalina.core.StandardEngine.log:168 - Starting Servlet engine: [Apache Tomcat/10.1.43]
2025-08-05 13:51:48.940 [main] INFO  o.a.c.c.C.[Tomcat].[localhost].[/].log:168 - Initializing Spring embedded WebApplicationContext
2025-08-05 13:51:48.940 [main] INFO  o.s.b.w.s.c.ServletWebServerApplicationContext.prepareWebApplicationContext:301 - Root WebApplicationContext: initialization completed in 1507 ms
2025-08-05 13:51:49.767 [main] INFO  o.s.v.b.OptionalValidatorFactoryBean.afterPropertiesSet:48 - Failed to set up a Bean Validation provider: jakarta.validation.NoProviderFoundException: Unable to create a Configuration, because no Jakarta Bean Validation provider could be found. Add a provider like Hibernate Validator (RI) to your classpath.
2025-08-05 13:51:50.213 [main] INFO  o.s.b.w.e.tomcat.TomcatWebServer.start:243 - Tomcat started on port 8080 (http) with context path '/'
2025-08-05 13:51:50.221 [main] INFO  com.qg.PmpApplication.logStarted:59 - Started PmpApplication in 3.51 seconds (process running for 4.223)
2025-08-05 13:51:59.154 [http-nio-8080-exec-1] INFO  o.a.c.c.C.[Tomcat].[localhost].[/].log:168 - Initializing Spring DispatcherServlet 'dispatcherServlet'
2025-08-05 13:51:59.155 [http-nio-8080-exec-1] INFO  o.s.web.servlet.DispatcherServlet.initServletBean:532 - Initializing Servlet 'dispatcherServlet'
2025-08-05 13:51:59.156 [http-nio-8080-exec-1] INFO  o.s.web.servlet.DispatcherServlet.initServletBean:554 - Completed initialization in 1 ms
2025-08-05 13:51:59.304 [http-nio-8080-exec-1] ERROR c.alibaba.druid.pool.DruidDataSource.validationQueryCheck:1249 - testWhileIdle is true, validationQuery not set
2025-08-05 13:51:59.316 [http-nio-8080-exec-1] INFO  c.alibaba.druid.pool.DruidDataSource.init:1002 - {dataSource-1} inited
2025-08-05 13:51:59.535 [http-nio-8080-exec-1] DEBUG c.qg.mapper.ErrorMapper.selectList.debug:135 - ==>  Preparing: SELECT id,platform,project_id,type,timestamp,message,stack,user_agent,url,breadcrumbs,env FROM error WHERE (env = ? AND project_id = ?) ORDER BY timestamp DESC
2025-08-05 13:51:59.558 [http-nio-8080-exec-1] DEBUG c.qg.mapper.ErrorMapper.selectList.debug:135 - ==> Parameters: dev(String), 1(String)
2025-08-05 13:51:59.589 [http-nio-8080-exec-1] DEBUG c.qg.mapper.ErrorMapper.selectList.debug:135 - <==      Total: 5
2025-08-05 13:51:59.593 [http-nio-8080-exec-1] INFO  c.qg.service.impl.ErrorServiceImpl.selectByEnv:57 - 成功查询错误信息: [Error(id=5, platform=java, projectId=1, type=NullPointerException, timestamp=2025-08-05T13:33:56.900038, message=空指针异常, stack=跟踪, userAgent=设备信息, url=url, breadcrumbs=面包屑, env=dev), Error(id=4, platform=java, projectId=1, type=NullPointerException, timestamp=2025-08-05T11:49:59.790499, message=空指针异常, stack=跟踪, userAgent=设备信息, url=url, breadcrumbs=面包屑, env=dev), Error(id=3, platform=java, projectId=1, type=NullPointerException, timestamp=2025-08-05T11:48:02.476401, message=空指针异常, stack=跟踪, userAgent=设备信息, url=url, breadcrumbs=面包屑, env=dev), Error(id=2, platform=java, projectId=1, type=NullPointerException, timestamp=2025-08-05T11:40:59.859698, message=空指针异常, stack=跟踪, userAgent=设备信息, url=url, breadcrumbs=面包屑, env=dev), Error(id=1, platform=java, projectId=1, type=NullPointerException, timestamp=2025-08-05T11:26:35, message=空指针异常, stack=堆栈跟踪, userAgent=设备信息, url=url, breadcrumbs=面包屑, env=dev)]
2025-08-05 13:52:17.094 [http-nio-8080-exec-4] DEBUG c.qg.mapper.ErrorMapper.selectList.debug:135 - ==>  Preparing: SELECT id,platform,project_id,type,timestamp,message,stack,user_agent,url,breadcrumbs,env FROM error WHERE (env = ? AND project_id = ?) ORDER BY timestamp DESC
2025-08-05 13:52:17.095 [http-nio-8080-exec-4] DEBUG c.qg.mapper.ErrorMapper.selectList.debug:135 - ==> Parameters: dev(String), 2(String)
2025-08-05 13:52:17.107 [http-nio-8080-exec-4] DEBUG c.qg.mapper.ErrorMapper.selectList.debug:135 - <==      Total: 0
2025-08-05 13:52:17.108 [http-nio-8080-exec-4] INFO  c.qg.service.impl.ErrorServiceImpl.selectByEnv:57 - 成功查询错误信息: []
2025-08-05 15:16:48.411 [SpringApplicationShutdownHook] INFO  o.s.b.w.e.tomcat.GracefulShutdown.shutDownGracefully:54 - Commencing graceful shutdown. Waiting for active requests to complete
2025-08-05 15:16:48.442 [tomcat-shutdown] INFO  o.s.b.w.e.tomcat.GracefulShutdown.doShutdown:76 - Graceful shutdown complete
2025-08-05 15:16:48.538 [SpringApplicationShutdownHook] INFO  c.alibaba.druid.pool.DruidDataSource.close:2204 - {dataSource-1} closing ...
2025-08-05 15:16:48.543 [SpringApplicationShutdownHook] INFO  c.alibaba.druid.pool.DruidDataSource.close:2277 - {dataSource-1} closed
2025-08-05 15:16:59.735 [main] INFO  com.qg.PmpApplication.logStarting:53 - Starting PmpApplication using Java 21.0.5 with PID 19600 (C:\Users\28642\Java\QG暑假末期考核\QG-monitor\pmp\target\classes started by 28642 in C:\Users\28642\Java\QG暑假末期考核\QG-monitor\pmp)
2025-08-05 15:16:59.737 [main] DEBUG com.qg.PmpApplication.logStarting:54 - Running with Spring Boot v3.5.4, Spring v6.2.9
2025-08-05 15:16:59.738 [main] INFO  com.qg.PmpApplication.logStartupProfileInfo:652 - No active profile set, falling back to 1 default profile: "default"
2025-08-05 15:17:00.829 [main] INFO  o.s.d.r.c.RepositoryConfigurationDelegate.multipleStoresDetected:294 - Multiple Spring Data modules found, entering strict repository configuration mode
2025-08-05 15:17:00.832 [main] INFO  o.s.d.r.c.RepositoryConfigurationDelegate.registerRepositoriesIn:145 - Bootstrapping Spring Data Redis repositories in DEFAULT mode.
2025-08-05 15:17:00.862 [main] INFO  o.s.d.r.c.RepositoryConfigurationDelegate.registerRepositoriesIn:213 - Finished Spring Data repository scanning in 10 ms. Found 0 Redis repository interfaces.
2025-08-05 15:17:01.411 [main] INFO  o.s.b.w.e.tomcat.TomcatWebServer.initialize:111 - Tomcat initialized with port 8080 (http)
2025-08-05 15:17:01.426 [main] INFO  o.a.catalina.core.StandardService.log:168 - Starting service [Tomcat]
2025-08-05 15:17:01.426 [main] INFO  o.a.catalina.core.StandardEngine.log:168 - Starting Servlet engine: [Apache Tomcat/10.1.43]
2025-08-05 15:17:01.485 [main] INFO  o.a.c.c.C.[Tomcat].[localhost].[/].log:168 - Initializing Spring embedded WebApplicationContext
2025-08-05 15:17:01.485 [main] INFO  o.s.b.w.s.c.ServletWebServerApplicationContext.prepareWebApplicationContext:301 - Root WebApplicationContext: initialization completed in 1697 ms
2025-08-05 15:17:02.440 [main] INFO  o.s.v.b.OptionalValidatorFactoryBean.afterPropertiesSet:48 - Failed to set up a Bean Validation provider: jakarta.validation.NoProviderFoundException: Unable to create a Configuration, because no Jakarta Bean Validation provider could be found. Add a provider like Hibernate Validator (RI) to your classpath.
2025-08-05 15:17:02.885 [main] INFO  o.s.b.w.e.tomcat.TomcatWebServer.start:243 - Tomcat started on port 8080 (http) with context path '/'
2025-08-05 15:17:02.893 [main] INFO  com.qg.PmpApplication.logStarted:59 - Started PmpApplication in 3.805 seconds (process running for 4.798)
2025-08-05 15:17:17.929 [http-nio-8080-exec-1] INFO  o.a.c.c.C.[Tomcat].[localhost].[/].log:168 - Initializing Spring DispatcherServlet 'dispatcherServlet'
2025-08-05 15:17:17.930 [http-nio-8080-exec-1] INFO  o.s.web.servlet.DispatcherServlet.initServletBean:532 - Initializing Servlet 'dispatcherServlet'
2025-08-05 15:17:17.932 [http-nio-8080-exec-1] INFO  o.s.web.servlet.DispatcherServlet.initServletBean:554 - Completed initialization in 1 ms
2025-08-05 15:17:18.074 [http-nio-8080-exec-1] ERROR c.alibaba.druid.pool.DruidDataSource.validationQueryCheck:1249 - testWhileIdle is true, validationQuery not set
2025-08-05 15:17:18.084 [http-nio-8080-exec-1] INFO  c.alibaba.druid.pool.DruidDataSource.init:1002 - {dataSource-1} inited
2025-08-05 15:17:18.355 [http-nio-8080-exec-1] DEBUG c.qg.mapper.ErrorMapper.selectList.debug:135 - ==>  Preparing: SELECT id,platform,project_id,type,timestamp,message,stack,user_agent,url,breadcrumbs,env,module_id FROM error WHERE (env = ? AND project_id = ? AND module_id = ?) ORDER BY timestamp DESC
2025-08-05 15:17:18.370 [http-nio-8080-exec-1] DEBUG c.qg.mapper.ErrorMapper.selectList.debug:135 - ==> Parameters: dev(String), 1(String), 1(Long)
2025-08-05 15:17:18.399 [http-nio-8080-exec-1] DEBUG c.qg.mapper.ErrorMapper.selectList.debug:135 - <==      Total: 0
2025-08-05 15:17:18.403 [http-nio-8080-exec-1] INFO  c.qg.service.impl.ErrorServiceImpl.selectByEnv:62 - 成功查询错误信息: []
2025-08-05 15:17:26.768 [http-nio-8080-exec-3] WARN  o.s.w.s.m.s.DefaultHandlerExceptionResolver.logException:254 - Resolved [org.springframework.web.bind.MissingServletRequestParameterException: Required request parameter 'moduleId' for method parameter type Long is present but converted to null]
2025-08-05 15:17:49.312 [http-nio-8080-exec-2] WARN  o.s.w.s.m.s.DefaultHandlerExceptionResolver.logException:254 - Resolved [org.springframework.web.method.annotation.MethodArgumentTypeMismatchException: Method parameter 'moduleId': Failed to convert value of type 'java.lang.String' to required type 'java.lang.Long'; For input string: "null"]
2025-08-05 15:18:00.209 [http-nio-8080-exec-5] WARN  o.s.w.s.m.s.DefaultHandlerExceptionResolver.logException:254 - Resolved [org.springframework.web.bind.MissingServletRequestParameterException: Required request parameter 'moduleId' for method parameter type Long is not present]
2025-08-05 15:18:24.536 [SpringApplicationShutdownHook] INFO  o.s.b.w.e.tomcat.GracefulShutdown.shutDownGracefully:54 - Commencing graceful shutdown. Waiting for active requests to complete
2025-08-05 15:18:24.544 [tomcat-shutdown] INFO  o.s.b.w.e.tomcat.GracefulShutdown.doShutdown:76 - Graceful shutdown complete
2025-08-05 15:18:24.558 [SpringApplicationShutdownHook] INFO  c.alibaba.druid.pool.DruidDataSource.close:2204 - {dataSource-1} closing ...
2025-08-05 15:18:24.562 [SpringApplicationShutdownHook] INFO  c.alibaba.druid.pool.DruidDataSource.close:2277 - {dataSource-1} closed
2025-08-05 15:18:29.504 [main] INFO  com.qg.PmpApplication.logStarting:53 - Starting PmpApplication using Java 21.0.5 with PID 68720 (C:\Users\28642\Java\QG暑假末期考核\QG-monitor\pmp\target\classes started by 28642 in C:\Users\28642\Java\QG暑假末期考核\QG-monitor\pmp)
2025-08-05 15:18:29.507 [main] DEBUG com.qg.PmpApplication.logStarting:54 - Running with Spring Boot v3.5.4, Spring v6.2.9
2025-08-05 15:18:29.507 [main] INFO  com.qg.PmpApplication.logStartupProfileInfo:652 - No active profile set, falling back to 1 default profile: "default"
2025-08-05 15:18:30.287 [main] INFO  o.s.d.r.c.RepositoryConfigurationDelegate.multipleStoresDetected:294 - Multiple Spring Data modules found, entering strict repository configuration mode
2025-08-05 15:18:30.289 [main] INFO  o.s.d.r.c.RepositoryConfigurationDelegate.registerRepositoriesIn:145 - Bootstrapping Spring Data Redis repositories in DEFAULT mode.
2025-08-05 15:18:30.313 [main] INFO  o.s.d.r.c.RepositoryConfigurationDelegate.registerRepositoriesIn:213 - Finished Spring Data repository scanning in 9 ms. Found 0 Redis repository interfaces.
2025-08-05 15:18:30.762 [main] INFO  o.s.b.w.e.tomcat.TomcatWebServer.initialize:111 - Tomcat initialized with port 8080 (http)
2025-08-05 15:18:30.776 [main] INFO  o.a.catalina.core.StandardService.log:168 - Starting service [Tomcat]
2025-08-05 15:18:30.776 [main] INFO  o.a.catalina.core.StandardEngine.log:168 - Starting Servlet engine: [Apache Tomcat/10.1.43]
2025-08-05 15:18:30.837 [main] INFO  o.a.c.c.C.[Tomcat].[localhost].[/].log:168 - Initializing Spring embedded WebApplicationContext
2025-08-05 15:18:30.837 [main] INFO  o.s.b.w.s.c.ServletWebServerApplicationContext.prepareWebApplicationContext:301 - Root WebApplicationContext: initialization completed in 1295 ms
2025-08-05 15:18:31.603 [main] INFO  o.s.v.b.OptionalValidatorFactoryBean.afterPropertiesSet:48 - Failed to set up a Bean Validation provider: jakarta.validation.NoProviderFoundException: Unable to create a Configuration, because no Jakarta Bean Validation provider could be found. Add a provider like Hibernate Validator (RI) to your classpath.
2025-08-05 15:18:32.012 [main] INFO  o.s.b.w.e.tomcat.TomcatWebServer.start:243 - Tomcat started on port 8080 (http) with context path '/'
2025-08-05 15:18:32.020 [main] INFO  com.qg.PmpApplication.logStarted:59 - Started PmpApplication in 3.057 seconds (process running for 3.672)
2025-08-05 15:18:36.681 [http-nio-8080-exec-1] INFO  o.a.c.c.C.[Tomcat].[localhost].[/].log:168 - Initializing Spring DispatcherServlet 'dispatcherServlet'
2025-08-05 15:18:36.681 [http-nio-8080-exec-1] INFO  o.s.web.servlet.DispatcherServlet.initServletBean:532 - Initializing Servlet 'dispatcherServlet'
2025-08-05 15:18:36.682 [http-nio-8080-exec-1] INFO  o.s.web.servlet.DispatcherServlet.initServletBean:554 - Completed initialization in 1 ms
2025-08-05 15:18:36.797 [http-nio-8080-exec-1] ERROR c.alibaba.druid.pool.DruidDataSource.validationQueryCheck:1249 - testWhileIdle is true, validationQuery not set
2025-08-05 15:18:36.805 [http-nio-8080-exec-1] INFO  c.alibaba.druid.pool.DruidDataSource.init:1002 - {dataSource-1} inited
2025-08-05 15:18:37.019 [http-nio-8080-exec-1] DEBUG c.qg.mapper.ErrorMapper.selectList.debug:135 - ==>  Preparing: SELECT id,platform,project_id,type,timestamp,message,stack,user_agent,url,breadcrumbs,env,module_id FROM error WHERE (env = ? AND project_id = ?) ORDER BY timestamp DESC
2025-08-05 15:18:37.033 [http-nio-8080-exec-1] DEBUG c.qg.mapper.ErrorMapper.selectList.debug:135 - ==> Parameters: dev(String), 1(String)
2025-08-05 15:18:37.062 [http-nio-8080-exec-1] DEBUG c.qg.mapper.ErrorMapper.selectList.debug:135 - <==      Total: 5
2025-08-05 15:18:37.066 [http-nio-8080-exec-1] INFO  c.qg.service.impl.ErrorServiceImpl.selectByEnv:62 - 成功查询错误信息: [Error(id=5, platform=java, projectId=1, type=NullPointerException, timestamp=2025-08-05T13:33:56.900038, message=空指针异常, stack=跟踪, userAgent=设备信息, url=url, breadcrumbs=面包屑, env=dev, moduleId=null), Error(id=4, platform=java, projectId=1, type=NullPointerException, timestamp=2025-08-05T11:49:59.790499, message=空指针异常, stack=跟踪, userAgent=设备信息, url=url, breadcrumbs=面包屑, env=dev, moduleId=null), Error(id=3, platform=java, projectId=1, type=NullPointerException, timestamp=2025-08-05T11:48:02.476401, message=空指针异常, stack=跟踪, userAgent=设备信息, url=url, breadcrumbs=面包屑, env=dev, moduleId=null), Error(id=2, platform=java, projectId=1, type=NullPointerException, timestamp=2025-08-05T11:40:59.859698, message=空指针异常, stack=跟踪, userAgent=设备信息, url=url, breadcrumbs=面包屑, env=dev, moduleId=null), Error(id=1, platform=java, projectId=1, type=NullPointerException, timestamp=2025-08-05T11:26:35, message=空指针异常, stack=堆栈跟踪, userAgent=设备信息, url=url, breadcrumbs=面包屑, env=dev, moduleId=null)]
2025-08-05 15:18:52.396 [http-nio-8080-exec-3] DEBUG c.qg.mapper.ErrorMapper.selectList.debug:135 - ==>  Preparing: SELECT id,platform,project_id,type,timestamp,message,stack,user_agent,url,breadcrumbs,env,module_id FROM error WHERE (env = ? AND project_id = ?) ORDER BY timestamp DESC
2025-08-05 15:18:52.396 [http-nio-8080-exec-3] DEBUG c.qg.mapper.ErrorMapper.selectList.debug:135 - ==> Parameters: dev(String), 1(String)
2025-08-05 15:18:52.417 [http-nio-8080-exec-3] DEBUG c.qg.mapper.ErrorMapper.selectList.debug:135 - <==      Total: 5
2025-08-05 15:18:52.417 [http-nio-8080-exec-3] INFO  c.qg.service.impl.ErrorServiceImpl.selectByEnv:62 - 成功查询错误信息: [Error(id=5, platform=java, projectId=1, type=NullPointerException, timestamp=2025-08-05T13:33:56.900038, message=空指针异常, stack=跟踪, userAgent=设备信息, url=url, breadcrumbs=面包屑, env=dev, moduleId=null), Error(id=4, platform=java, projectId=1, type=NullPointerException, timestamp=2025-08-05T11:49:59.790499, message=空指针异常, stack=跟踪, userAgent=设备信息, url=url, breadcrumbs=面包屑, env=dev, moduleId=null), Error(id=3, platform=java, projectId=1, type=NullPointerException, timestamp=2025-08-05T11:48:02.476401, message=空指针异常, stack=跟踪, userAgent=设备信息, url=url, breadcrumbs=面包屑, env=dev, moduleId=null), Error(id=2, platform=java, projectId=1, type=NullPointerException, timestamp=2025-08-05T11:40:59.859698, message=空指针异常, stack=跟踪, userAgent=设备信息, url=url, breadcrumbs=面包屑, env=dev, moduleId=null), Error(id=1, platform=java, projectId=1, type=NullPointerException, timestamp=2025-08-05T11:26:35, message=空指针异常, stack=堆栈跟踪, userAgent=设备信息, url=url, breadcrumbs=面包屑, env=dev, moduleId=null)]
2025-08-05 15:18:56.210 [http-nio-8080-exec-9] DEBUG c.qg.mapper.ErrorMapper.selectList.debug:135 - ==>  Preparing: SELECT id,platform,project_id,type,timestamp,message,stack,user_agent,url,breadcrumbs,env,module_id FROM error WHERE (env = ? AND project_id = ? AND module_id = ?) ORDER BY timestamp DESC
2025-08-05 15:18:56.211 [http-nio-8080-exec-9] DEBUG c.qg.mapper.ErrorMapper.selectList.debug:135 - ==> Parameters: dev(String), 1(String), 1(Long)
2025-08-05 15:18:56.226 [http-nio-8080-exec-9] DEBUG c.qg.mapper.ErrorMapper.selectList.debug:135 - <==      Total: 0
2025-08-05 15:18:56.226 [http-nio-8080-exec-9] INFO  c.qg.service.impl.ErrorServiceImpl.selectByEnv:62 - 成功查询错误信息: []
2025-08-05 15:19:03.854 [http-nio-8080-exec-7] DEBUG c.qg.mapper.ErrorMapper.selectList.debug:135 - ==>  Preparing: SELECT id,platform,project_id,type,timestamp,message,stack,user_agent,url,breadcrumbs,env,module_id FROM error WHERE (env = ? AND project_id = ?) ORDER BY timestamp DESC
2025-08-05 15:19:03.854 [http-nio-8080-exec-7] DEBUG c.qg.mapper.ErrorMapper.selectList.debug:135 - ==> Parameters: dev(String), 12(String)
2025-08-05 15:19:03.868 [http-nio-8080-exec-7] DEBUG c.qg.mapper.ErrorMapper.selectList.debug:135 - <==      Total: 0
2025-08-05 15:19:03.869 [http-nio-8080-exec-7] INFO  c.qg.service.impl.ErrorServiceImpl.selectByEnv:62 - 成功查询错误信息: []
2025-08-05 15:19:11.400 [http-nio-8080-exec-6] DEBUG c.qg.mapper.ErrorMapper.selectList.debug:135 - ==>  Preparing: SELECT id,platform,project_id,type,timestamp,message,stack,user_agent,url,breadcrumbs,env,module_id FROM error WHERE (env = ? AND project_id = ?) ORDER BY timestamp DESC
2025-08-05 15:19:11.401 [http-nio-8080-exec-6] DEBUG c.qg.mapper.ErrorMapper.selectList.debug:135 - ==> Parameters: dev(String), (String)
2025-08-05 15:19:11.414 [http-nio-8080-exec-6] DEBUG c.qg.mapper.ErrorMapper.selectList.debug:135 - <==      Total: 0
2025-08-05 15:19:11.415 [http-nio-8080-exec-6] INFO  c.qg.service.impl.ErrorServiceImpl.selectByEnv:62 - 成功查询错误信息: []
2025-08-05 15:19:28.759 [http-nio-8080-exec-1] DEBUG c.qg.mapper.ErrorMapper.selectList.debug:135 - ==>  Preparing: SELECT id,platform,project_id,type,timestamp,message,stack,user_agent,url,breadcrumbs,env,module_id FROM error WHERE (env = ? AND project_id = ?) ORDER BY timestamp DESC
2025-08-05 15:19:28.760 [http-nio-8080-exec-1] DEBUG c.qg.mapper.ErrorMapper.selectList.debug:135 - ==> Parameters: (String), (String)
2025-08-05 15:19:28.772 [http-nio-8080-exec-1] DEBUG c.qg.mapper.ErrorMapper.selectList.debug:135 - <==      Total: 0
2025-08-05 15:19:28.773 [http-nio-8080-exec-1] INFO  c.qg.service.impl.ErrorServiceImpl.selectByEnv:62 - 成功查询错误信息: []
2025-08-05 15:20:06.276 [http-nio-8080-exec-3] DEBUG c.qg.mapper.ErrorMapper.selectList.debug:135 - ==>  Preparing: SELECT id,platform,project_id,type,timestamp,message,stack,user_agent,url,breadcrumbs,env,module_id FROM error WHERE (env = ? AND project_id = ?) ORDER BY timestamp DESC
2025-08-05 15:20:06.277 [http-nio-8080-exec-3] DEBUG c.qg.mapper.ErrorMapper.selectList.debug:135 - ==> Parameters: dev(String), 1(String)
2025-08-05 15:20:06.290 [http-nio-8080-exec-3] DEBUG c.qg.mapper.ErrorMapper.selectList.debug:135 - <==      Total: 5
2025-08-05 15:20:06.290 [http-nio-8080-exec-3] INFO  c.qg.service.impl.ErrorServiceImpl.selectByEnv:62 - 成功查询错误信息: [Error(id=5, platform=java, projectId=1, type=NullPointerException, timestamp=2025-08-05T13:33:56.900038, message=空指针异常, stack=跟踪, userAgent=设备信息, url=url, breadcrumbs=面包屑, env=dev, moduleId=null), Error(id=4, platform=java, projectId=1, type=NullPointerException, timestamp=2025-08-05T11:49:59.790499, message=空指针异常, stack=跟踪, userAgent=设备信息, url=url, breadcrumbs=面包屑, env=dev, moduleId=null), Error(id=3, platform=java, projectId=1, type=NullPointerException, timestamp=2025-08-05T11:48:02.476401, message=空指针异常, stack=跟踪, userAgent=设备信息, url=url, breadcrumbs=面包屑, env=dev, moduleId=null), Error(id=2, platform=java, projectId=1, type=NullPointerException, timestamp=2025-08-05T11:40:59.859698, message=空指针异常, stack=跟踪, userAgent=设备信息, url=url, breadcrumbs=面包屑, env=dev, moduleId=null), Error(id=1, platform=java, projectId=1, type=NullPointerException, timestamp=2025-08-05T11:26:35, message=空指针异常, stack=堆栈跟踪, userAgent=设备信息, url=url, breadcrumbs=面包屑, env=dev, moduleId=null)]
2025-08-05 15:20:24.901 [http-nio-8080-exec-9] DEBUG c.qg.mapper.ErrorMapper.selectList.debug:135 - ==>  Preparing: SELECT id,platform,project_id,type,timestamp,message,stack,user_agent,url,breadcrumbs,env,module_id FROM error WHERE (env = ? AND project_id = ?) ORDER BY timestamp DESC
2025-08-05 15:20:24.902 [http-nio-8080-exec-9] DEBUG c.qg.mapper.ErrorMapper.selectList.debug:135 - ==> Parameters: (String), (String)
2025-08-05 15:20:24.914 [http-nio-8080-exec-9] DEBUG c.qg.mapper.ErrorMapper.selectList.debug:135 - <==      Total: 0
2025-08-05 15:20:24.915 [http-nio-8080-exec-9] INFO  c.qg.service.impl.ErrorServiceImpl.selectByEnv:62 - 成功查询错误信息: []
2025-08-05 15:20:55.355 [SpringApplicationShutdownHook] INFO  o.s.b.w.e.tomcat.GracefulShutdown.shutDownGracefully:54 - Commencing graceful shutdown. Waiting for active requests to complete
2025-08-05 15:20:55.363 [tomcat-shutdown] INFO  o.s.b.w.e.tomcat.GracefulShutdown.doShutdown:76 - Graceful shutdown complete
2025-08-05 15:20:55.400 [SpringApplicationShutdownHook] INFO  c.alibaba.druid.pool.DruidDataSource.close:2204 - {dataSource-1} closing ...
2025-08-05 15:20:55.405 [SpringApplicationShutdownHook] INFO  c.alibaba.druid.pool.DruidDataSource.close:2277 - {dataSource-1} closed
2025-08-05 15:21:00.390 [main] INFO  com.qg.PmpApplication.logStarting:53 - Starting PmpApplication using Java 21.0.5 with PID 75196 (C:\Users\28642\Java\QG暑假末期考核\QG-monitor\pmp\target\classes started by 28642 in C:\Users\28642\Java\QG暑假末期考核\QG-monitor\pmp)
2025-08-05 15:21:00.391 [main] DEBUG com.qg.PmpApplication.logStarting:54 - Running with Spring Boot v3.5.4, Spring v6.2.9
2025-08-05 15:21:00.392 [main] INFO  com.qg.PmpApplication.logStartupProfileInfo:652 - No active profile set, falling back to 1 default profile: "default"
2025-08-05 15:21:01.158 [main] INFO  o.s.d.r.c.RepositoryConfigurationDelegate.multipleStoresDetected:294 - Multiple Spring Data modules found, entering strict repository configuration mode
2025-08-05 15:21:01.160 [main] INFO  o.s.d.r.c.RepositoryConfigurationDelegate.registerRepositoriesIn:145 - Bootstrapping Spring Data Redis repositories in DEFAULT mode.
2025-08-05 15:21:01.183 [main] INFO  o.s.d.r.c.RepositoryConfigurationDelegate.registerRepositoriesIn:213 - Finished Spring Data repository scanning in 10 ms. Found 0 Redis repository interfaces.
2025-08-05 15:21:01.662 [main] INFO  o.s.b.w.e.tomcat.TomcatWebServer.initialize:111 - Tomcat initialized with port 8080 (http)
2025-08-05 15:21:01.680 [main] INFO  o.a.catalina.core.StandardService.log:168 - Starting service [Tomcat]
2025-08-05 15:21:01.680 [main] INFO  o.a.catalina.core.StandardEngine.log:168 - Starting Servlet engine: [Apache Tomcat/10.1.43]
2025-08-05 15:21:01.742 [main] INFO  o.a.c.c.C.[Tomcat].[localhost].[/].log:168 - Initializing Spring embedded WebApplicationContext
2025-08-05 15:21:01.742 [main] INFO  o.s.b.w.s.c.ServletWebServerApplicationContext.prepareWebApplicationContext:301 - Root WebApplicationContext: initialization completed in 1308 ms
2025-08-05 15:21:02.472 [main] INFO  o.s.v.b.OptionalValidatorFactoryBean.afterPropertiesSet:48 - Failed to set up a Bean Validation provider: jakarta.validation.NoProviderFoundException: Unable to create a Configuration, because no Jakarta Bean Validation provider could be found. Add a provider like Hibernate Validator (RI) to your classpath.
2025-08-05 15:21:02.902 [main] INFO  o.s.b.w.e.tomcat.TomcatWebServer.start:243 - Tomcat started on port 8080 (http) with context path '/'
2025-08-05 15:21:02.909 [main] INFO  com.qg.PmpApplication.logStarted:59 - Started PmpApplication in 3.148 seconds (process running for 3.749)
2025-08-05 15:21:08.125 [http-nio-8080-exec-1] INFO  o.a.c.c.C.[Tomcat].[localhost].[/].log:168 - Initializing Spring DispatcherServlet 'dispatcherServlet'
2025-08-05 15:21:08.125 [http-nio-8080-exec-1] INFO  o.s.web.servlet.DispatcherServlet.initServletBean:532 - Initializing Servlet 'dispatcherServlet'
2025-08-05 15:21:08.126 [http-nio-8080-exec-1] INFO  o.s.web.servlet.DispatcherServlet.initServletBean:554 - Completed initialization in 1 ms
2025-08-05 15:21:08.175 [http-nio-8080-exec-1] DEBUG c.qg.service.impl.ErrorServiceImpl.selectByEnv:47 - 查询错误信息: 
2025-08-05 15:21:08.177 [http-nio-8080-exec-1] DEBUG c.qg.service.impl.ErrorServiceImpl.selectByEnv:48 - 项目ID: 
2025-08-05 15:21:08.263 [http-nio-8080-exec-1] ERROR c.alibaba.druid.pool.DruidDataSource.validationQueryCheck:1249 - testWhileIdle is true, validationQuery not set
2025-08-05 15:21:08.271 [http-nio-8080-exec-1] INFO  c.alibaba.druid.pool.DruidDataSource.init:1002 - {dataSource-1} inited
2025-08-05 15:21:08.520 [http-nio-8080-exec-1] DEBUG c.qg.mapper.ErrorMapper.selectList.debug:135 - ==>  Preparing: SELECT id,platform,project_id,type,timestamp,message,stack,user_agent,url,breadcrumbs,env,module_id FROM error WHERE (env = ? AND project_id = ?) ORDER BY timestamp DESC
2025-08-05 15:21:08.536 [http-nio-8080-exec-1] DEBUG c.qg.mapper.ErrorMapper.selectList.debug:135 - ==> Parameters: (String), (String)
2025-08-05 15:21:08.565 [http-nio-8080-exec-1] DEBUG c.qg.mapper.ErrorMapper.selectList.debug:135 - <==      Total: 0
2025-08-05 15:21:08.569 [http-nio-8080-exec-1] INFO  c.qg.service.impl.ErrorServiceImpl.selectByEnv:64 - 成功查询错误信息: []
2025-08-05 15:21:33.277 [SpringApplicationShutdownHook] INFO  o.s.b.w.e.tomcat.GracefulShutdown.shutDownGracefully:54 - Commencing graceful shutdown. Waiting for active requests to complete
2025-08-05 15:21:33.282 [tomcat-shutdown] INFO  o.s.b.w.e.tomcat.GracefulShutdown.doShutdown:76 - Graceful shutdown complete
2025-08-05 15:21:33.315 [SpringApplicationShutdownHook] INFO  c.alibaba.druid.pool.DruidDataSource.close:2204 - {dataSource-1} closing ...
2025-08-05 15:21:33.319 [SpringApplicationShutdownHook] INFO  c.alibaba.druid.pool.DruidDataSource.close:2277 - {dataSource-1} closed
2025-08-05 15:21:39.049 [main] INFO  com.qg.PmpApplication.logStarting:53 - Starting PmpApplication using Java 21.0.5 with PID 47004 (C:\Users\28642\Java\QG暑假末期考核\QG-monitor\pmp\target\classes started by 28642 in C:\Users\28642\Java\QG暑假末期考核\QG-monitor\pmp)
2025-08-05 15:21:39.051 [main] DEBUG com.qg.PmpApplication.logStarting:54 - Running with Spring Boot v3.5.4, Spring v6.2.9
2025-08-05 15:21:39.052 [main] INFO  com.qg.PmpApplication.logStartupProfileInfo:652 - No active profile set, falling back to 1 default profile: "default"
2025-08-05 15:21:39.845 [main] INFO  o.s.d.r.c.RepositoryConfigurationDelegate.multipleStoresDetected:294 - Multiple Spring Data modules found, entering strict repository configuration mode
2025-08-05 15:21:39.847 [main] INFO  o.s.d.r.c.RepositoryConfigurationDelegate.registerRepositoriesIn:145 - Bootstrapping Spring Data Redis repositories in DEFAULT mode.
2025-08-05 15:21:39.867 [main] INFO  o.s.d.r.c.RepositoryConfigurationDelegate.registerRepositoriesIn:213 - Finished Spring Data repository scanning in 8 ms. Found 0 Redis repository interfaces.
2025-08-05 15:21:40.283 [main] INFO  o.s.b.w.e.tomcat.TomcatWebServer.initialize:111 - Tomcat initialized with port 8080 (http)
2025-08-05 15:21:40.298 [main] INFO  o.a.catalina.core.StandardService.log:168 - Starting service [Tomcat]
2025-08-05 15:21:40.298 [main] INFO  o.a.catalina.core.StandardEngine.log:168 - Starting Servlet engine: [Apache Tomcat/10.1.43]
2025-08-05 15:21:40.361 [main] INFO  o.a.c.c.C.[Tomcat].[localhost].[/].log:168 - Initializing Spring embedded WebApplicationContext
2025-08-05 15:21:40.361 [main] INFO  o.s.b.w.s.c.ServletWebServerApplicationContext.prepareWebApplicationContext:301 - Root WebApplicationContext: initialization completed in 1266 ms
2025-08-05 15:21:41.163 [main] INFO  o.s.v.b.OptionalValidatorFactoryBean.afterPropertiesSet:48 - Failed to set up a Bean Validation provider: jakarta.validation.NoProviderFoundException: Unable to create a Configuration, because no Jakarta Bean Validation provider could be found. Add a provider like Hibernate Validator (RI) to your classpath.
2025-08-05 15:21:41.571 [main] INFO  o.s.b.w.e.tomcat.TomcatWebServer.start:243 - Tomcat started on port 8080 (http) with context path '/'
2025-08-05 15:21:41.578 [main] INFO  com.qg.PmpApplication.logStarted:59 - Started PmpApplication in 3.119 seconds (process running for 3.765)
2025-08-05 15:21:45.020 [http-nio-8080-exec-1] INFO  o.a.c.c.C.[Tomcat].[localhost].[/].log:168 - Initializing Spring DispatcherServlet 'dispatcherServlet'
2025-08-05 15:21:45.020 [http-nio-8080-exec-1] INFO  o.s.web.servlet.DispatcherServlet.initServletBean:532 - Initializing Servlet 'dispatcherServlet'
2025-08-05 15:21:45.021 [http-nio-8080-exec-1] INFO  o.s.web.servlet.DispatcherServlet.initServletBean:554 - Completed initialization in 1 ms
2025-08-05 15:21:45.059 [http-nio-8080-exec-1] DEBUG c.qg.service.impl.ErrorServiceImpl.selectByEnv:47 - 查询错误信息: 
2025-08-05 15:21:45.061 [http-nio-8080-exec-1] DEBUG c.qg.service.impl.ErrorServiceImpl.selectByEnv:48 - 项目ID: 
2025-08-05 15:21:45.061 [http-nio-8080-exec-1] ERROR c.qg.service.impl.ErrorServiceImpl.selectByEnv:50 - 查询错误信息失败，参数为空
2025-08-05 15:21:53.086 [http-nio-8080-exec-2] DEBUG c.qg.service.impl.ErrorServiceImpl.selectByEnv:47 - 查询错误信息: dev
2025-08-05 15:21:53.086 [http-nio-8080-exec-2] DEBUG c.qg.service.impl.ErrorServiceImpl.selectByEnv:48 - 项目ID: 
2025-08-05 15:21:53.086 [http-nio-8080-exec-2] ERROR c.qg.service.impl.ErrorServiceImpl.selectByEnv:50 - 查询错误信息失败，参数为空
2025-08-05 15:22:00.152 [http-nio-8080-exec-5] DEBUG c.qg.service.impl.ErrorServiceImpl.selectByEnv:47 - 查询错误信息: dev
2025-08-05 15:22:00.153 [http-nio-8080-exec-5] DEBUG c.qg.service.impl.ErrorServiceImpl.selectByEnv:48 - 项目ID: 1
2025-08-05 15:22:00.254 [http-nio-8080-exec-5] ERROR c.alibaba.druid.pool.DruidDataSource.validationQueryCheck:1249 - testWhileIdle is true, validationQuery not set
2025-08-05 15:22:00.262 [http-nio-8080-exec-5] INFO  c.alibaba.druid.pool.DruidDataSource.init:1002 - {dataSource-1} inited
2025-08-05 15:22:00.511 [http-nio-8080-exec-5] DEBUG c.qg.mapper.ErrorMapper.selectList.debug:135 - ==>  Preparing: SELECT id,platform,project_id,type,timestamp,message,stack,user_agent,url,breadcrumbs,env,module_id FROM error WHERE (env = ? AND project_id = ?) ORDER BY timestamp DESC
2025-08-05 15:22:00.526 [http-nio-8080-exec-5] DEBUG c.qg.mapper.ErrorMapper.selectList.debug:135 - ==> Parameters: dev(String), 1(String)
2025-08-05 15:22:00.564 [http-nio-8080-exec-5] DEBUG c.qg.mapper.ErrorMapper.selectList.debug:135 - <==      Total: 5
2025-08-05 15:22:00.569 [http-nio-8080-exec-5] INFO  c.qg.service.impl.ErrorServiceImpl.selectByEnv:64 - 成功查询错误信息: [Error(id=5, platform=java, projectId=1, type=NullPointerException, timestamp=2025-08-05T13:33:56.900038, message=空指针异常, stack=跟踪, userAgent=设备信息, url=url, breadcrumbs=面包屑, env=dev, moduleId=null), Error(id=4, platform=java, projectId=1, type=NullPointerException, timestamp=2025-08-05T11:49:59.790499, message=空指针异常, stack=跟踪, userAgent=设备信息, url=url, breadcrumbs=面包屑, env=dev, moduleId=null), Error(id=3, platform=java, projectId=1, type=NullPointerException, timestamp=2025-08-05T11:48:02.476401, message=空指针异常, stack=跟踪, userAgent=设备信息, url=url, breadcrumbs=面包屑, env=dev, moduleId=null), Error(id=2, platform=java, projectId=1, type=NullPointerException, timestamp=2025-08-05T11:40:59.859698, message=空指针异常, stack=跟踪, userAgent=设备信息, url=url, breadcrumbs=面包屑, env=dev, moduleId=null), Error(id=1, platform=java, projectId=1, type=NullPointerException, timestamp=2025-08-05T11:26:35, message=空指针异常, stack=堆栈跟踪, userAgent=设备信息, url=url, breadcrumbs=面包屑, env=dev, moduleId=null)]
2025-08-05 15:58:37.719 [SpringApplicationShutdownHook] INFO  o.s.b.w.e.tomcat.GracefulShutdown.shutDownGracefully:54 - Commencing graceful shutdown. Waiting for active requests to complete
2025-08-05 15:58:37.739 [tomcat-shutdown] INFO  o.s.b.w.e.tomcat.GracefulShutdown.doShutdown:76 - Graceful shutdown complete
2025-08-05 15:58:37.769 [SpringApplicationShutdownHook] INFO  c.alibaba.druid.pool.DruidDataSource.close:2204 - {dataSource-1} closing ...
2025-08-05 15:58:37.770 [SpringApplicationShutdownHook] INFO  c.alibaba.druid.pool.DruidDataSource.close:2277 - {dataSource-1} closed
2025-08-05 15:58:43.393 [main] INFO  com.qg.PmpApplication.logStarting:53 - Starting PmpApplication using Java 21.0.5 with PID 71460 (C:\Users\28642\Java\QG暑假末期考核\QG-monitor\pmp\target\classes started by 28642 in C:\Users\28642\Java\QG暑假末期考核\QG-monitor\pmp)
2025-08-05 15:58:43.395 [main] DEBUG com.qg.PmpApplication.logStarting:54 - Running with Spring Boot v3.5.4, Spring v6.2.9
2025-08-05 15:58:43.396 [main] INFO  com.qg.PmpApplication.logStartupProfileInfo:652 - No active profile set, falling back to 1 default profile: "default"
2025-08-05 15:58:44.211 [main] INFO  o.s.d.r.c.RepositoryConfigurationDelegate.multipleStoresDetected:294 - Multiple Spring Data modules found, entering strict repository configuration mode
2025-08-05 15:58:44.214 [main] INFO  o.s.d.r.c.RepositoryConfigurationDelegate.registerRepositoriesIn:145 - Bootstrapping Spring Data Redis repositories in DEFAULT mode.
2025-08-05 15:58:44.241 [main] INFO  o.s.d.r.c.RepositoryConfigurationDelegate.registerRepositoriesIn:213 - Finished Spring Data repository scanning in 9 ms. Found 0 Redis repository interfaces.
2025-08-05 15:58:44.719 [main] INFO  o.s.b.w.e.tomcat.TomcatWebServer.initialize:111 - Tomcat initialized with port 8080 (http)
2025-08-05 15:58:44.735 [main] INFO  o.a.catalina.core.StandardService.log:168 - Starting service [Tomcat]
2025-08-05 15:58:44.736 [main] INFO  o.a.catalina.core.StandardEngine.log:168 - Starting Servlet engine: [Apache Tomcat/10.1.43]
2025-08-05 15:58:44.812 [main] INFO  o.a.c.c.C.[Tomcat].[localhost].[/].log:168 - Initializing Spring embedded WebApplicationContext
2025-08-05 15:58:44.813 [main] INFO  o.s.b.w.s.c.ServletWebServerApplicationContext.prepareWebApplicationContext:301 - Root WebApplicationContext: initialization completed in 1371 ms
2025-08-05 15:58:45.656 [main] INFO  o.s.v.b.OptionalValidatorFactoryBean.afterPropertiesSet:48 - Failed to set up a Bean Validation provider: jakarta.validation.NoProviderFoundException: Unable to create a Configuration, because no Jakarta Bean Validation provider could be found. Add a provider like Hibernate Validator (RI) to your classpath.
2025-08-05 15:58:46.096 [main] INFO  o.s.b.w.e.tomcat.TomcatWebServer.start:243 - Tomcat started on port 8080 (http) with context path '/'
2025-08-05 15:58:46.105 [main] INFO  com.qg.PmpApplication.logStarted:59 - Started PmpApplication in 3.339 seconds (process running for 3.973)
2025-08-05 15:58:58.044 [http-nio-8080-exec-1] INFO  o.a.c.c.C.[Tomcat].[localhost].[/].log:168 - Initializing Spring DispatcherServlet 'dispatcherServlet'
2025-08-05 15:58:58.045 [http-nio-8080-exec-1] INFO  o.s.web.servlet.DispatcherServlet.initServletBean:532 - Initializing Servlet 'dispatcherServlet'
2025-08-05 15:58:58.047 [http-nio-8080-exec-1] INFO  o.s.web.servlet.DispatcherServlet.initServletBean:554 - Completed initialization in 1 ms
2025-08-05 15:58:58.226 [http-nio-8080-exec-1] ERROR c.alibaba.druid.pool.DruidDataSource.validationQueryCheck:1249 - testWhileIdle is true, validationQuery not set
2025-08-05 15:58:58.234 [http-nio-8080-exec-1] INFO  c.alibaba.druid.pool.DruidDataSource.init:1002 - {dataSource-1} inited
2025-08-05 15:58:58.450 [http-nio-8080-exec-1] DEBUG com.qg.mapper.ModuleMapper.insert.debug:135 - ==>  Preparing: INSERT INTO module ( project_id, module_name, is_active ) VALUES ( ?, ?, ? )
2025-08-05 15:58:58.465 [http-nio-8080-exec-1] DEBUG com.qg.mapper.ModuleMapper.insert.debug:135 - ==> Parameters: 1(String), 订单(String), false(Boolean)
2025-08-05 15:58:58.480 [http-nio-8080-exec-1] DEBUG com.qg.mapper.ModuleMapper.insert.debug:135 - <==    Updates: 1
2025-08-05 15:58:58.485 [http-nio-8080-exec-1] INFO  c.qg.service.impl.ModuleServiceImpl.addModule:37 - 添加模块成功: Module(id=1, projectId=1, moduleName=订单, isActive=false, createdTime=null, deletedTime=null)
2025-08-05 16:00:44.265 [SpringApplicationShutdownHook] INFO  o.s.b.w.e.tomcat.GracefulShutdown.shutDownGracefully:54 - Commencing graceful shutdown. Waiting for active requests to complete
2025-08-05 16:00:44.273 [tomcat-shutdown] INFO  o.s.b.w.e.tomcat.GracefulShutdown.doShutdown:76 - Graceful shutdown complete
2025-08-05 16:00:44.290 [SpringApplicationShutdownHook] INFO  c.alibaba.druid.pool.DruidDataSource.close:2204 - {dataSource-1} closing ...
2025-08-05 16:00:44.292 [SpringApplicationShutdownHook] INFO  c.alibaba.druid.pool.DruidDataSource.close:2277 - {dataSource-1} closed
2025-08-05 16:00:50.583 [main] INFO  com.qg.PmpApplication.logStarting:53 - Starting PmpApplication using Java 21.0.5 with PID 64772 (C:\Users\28642\Java\QG暑假末期考核\QG-monitor\pmp\target\classes started by 28642 in C:\Users\28642\Java\QG暑假末期考核\QG-monitor\pmp)
2025-08-05 16:00:50.585 [main] DEBUG com.qg.PmpApplication.logStarting:54 - Running with Spring Boot v3.5.4, Spring v6.2.9
2025-08-05 16:00:50.586 [main] INFO  com.qg.PmpApplication.logStartupProfileInfo:652 - No active profile set, falling back to 1 default profile: "default"
2025-08-05 16:00:51.407 [main] INFO  o.s.d.r.c.RepositoryConfigurationDelegate.multipleStoresDetected:294 - Multiple Spring Data modules found, entering strict repository configuration mode
2025-08-05 16:00:51.410 [main] INFO  o.s.d.r.c.RepositoryConfigurationDelegate.registerRepositoriesIn:145 - Bootstrapping Spring Data Redis repositories in DEFAULT mode.
2025-08-05 16:00:51.435 [main] INFO  o.s.d.r.c.RepositoryConfigurationDelegate.registerRepositoriesIn:213 - Finished Spring Data repository scanning in 9 ms. Found 0 Redis repository interfaces.
2025-08-05 16:00:51.908 [main] INFO  o.s.b.w.e.tomcat.TomcatWebServer.initialize:111 - Tomcat initialized with port 8080 (http)
2025-08-05 16:00:51.928 [main] INFO  o.a.catalina.core.StandardService.log:168 - Starting service [Tomcat]
2025-08-05 16:00:51.928 [main] INFO  o.a.catalina.core.StandardEngine.log:168 - Starting Servlet engine: [Apache Tomcat/10.1.43]
2025-08-05 16:00:52.005 [main] INFO  o.a.c.c.C.[Tomcat].[localhost].[/].log:168 - Initializing Spring embedded WebApplicationContext
2025-08-05 16:00:52.006 [main] INFO  o.s.b.w.s.c.ServletWebServerApplicationContext.prepareWebApplicationContext:301 - Root WebApplicationContext: initialization completed in 1371 ms
2025-08-05 16:00:52.857 [main] INFO  o.s.v.b.OptionalValidatorFactoryBean.afterPropertiesSet:48 - Failed to set up a Bean Validation provider: jakarta.validation.NoProviderFoundException: Unable to create a Configuration, because no Jakarta Bean Validation provider could be found. Add a provider like Hibernate Validator (RI) to your classpath.
2025-08-05 16:00:53.373 [main] INFO  o.s.b.w.e.tomcat.TomcatWebServer.start:243 - Tomcat started on port 8080 (http) with context path '/'
2025-08-05 16:00:53.382 [main] INFO  com.qg.PmpApplication.logStarted:59 - Started PmpApplication in 3.495 seconds (process running for 4.245)
2025-08-05 16:00:58.720 [http-nio-8080-exec-1] INFO  o.a.c.c.C.[Tomcat].[localhost].[/].log:168 - Initializing Spring DispatcherServlet 'dispatcherServlet'
2025-08-05 16:00:58.720 [http-nio-8080-exec-1] INFO  o.s.web.servlet.DispatcherServlet.initServletBean:532 - Initializing Servlet 'dispatcherServlet'
2025-08-05 16:00:58.721 [http-nio-8080-exec-1] INFO  o.s.web.servlet.DispatcherServlet.initServletBean:554 - Completed initialization in 1 ms
2025-08-05 16:00:58.813 [http-nio-8080-exec-1] INFO  c.qg.service.impl.ModuleServiceImpl.addModule:24 - 添加模块: Module(id=null, projectId=1, moduleName=订单, isActive=false, createdTime=null, deletedTime=null)
2025-08-05 16:00:58.876 [http-nio-8080-exec-1] ERROR c.alibaba.druid.pool.DruidDataSource.validationQueryCheck:1249 - testWhileIdle is true, validationQuery not set
2025-08-05 16:00:58.884 [http-nio-8080-exec-1] INFO  c.alibaba.druid.pool.DruidDataSource.init:1002 - {dataSource-1} inited
2025-08-05 16:00:59.116 [http-nio-8080-exec-1] DEBUG com.qg.mapper.ModuleMapper.insert.debug:135 - ==>  Preparing: INSERT INTO module ( project_id, module_name, is_active ) VALUES ( ?, ?, ? )
2025-08-05 16:00:59.131 [http-nio-8080-exec-1] DEBUG com.qg.mapper.ModuleMapper.insert.debug:135 - ==> Parameters: 1(String), 订单(String), false(Boolean)
2025-08-05 16:00:59.146 [http-nio-8080-exec-1] DEBUG com.qg.mapper.ModuleMapper.insert.debug:135 - <==    Updates: 1
2025-08-05 16:00:59.151 [http-nio-8080-exec-1] INFO  c.qg.service.impl.ModuleServiceImpl.addModule:38 - 添加模块成功: Module(id=2, projectId=1, moduleName=订单, isActive=false, createdTime=null, deletedTime=null)
2025-08-05 16:07:05.512 [http-nio-8080-exec-3] INFO  c.qg.service.impl.ModuleServiceImpl.addModule:24 - 添加模块: Module(id=null, projectId=1, moduleName=订单, isActive=false, createdTime=null, deletedTime=null)
2025-08-05 16:07:05.515 [http-nio-8080-exec-3] DEBUG com.qg.mapper.ModuleMapper.insert.debug:135 - ==>  Preparing: INSERT INTO module ( project_id, module_name, is_active ) VALUES ( ?, ?, ? )
2025-08-05 16:07:05.516 [http-nio-8080-exec-3] DEBUG com.qg.mapper.ModuleMapper.insert.debug:135 - ==> Parameters: 1(String), 订单(String), false(Boolean)
2025-08-05 16:07:05.530 [http-nio-8080-exec-3] DEBUG com.qg.mapper.ModuleMapper.insert.debug:135 - <==    Updates: 1
2025-08-05 16:07:05.531 [http-nio-8080-exec-3] INFO  c.qg.service.impl.ModuleServiceImpl.addModule:38 - 添加模块成功: Module(id=3, projectId=1, moduleName=订单, isActive=false, createdTime=null, deletedTime=null)
2025-08-05 16:07:59.664 [http-nio-8080-exec-5] INFO  c.qg.service.impl.ModuleServiceImpl.addModule:24 - 添加模块: Module(id=null, projectId=1, moduleName=订单, isActive=false, createdTime=null, deletedTime=null)
2025-08-05 16:07:59.665 [http-nio-8080-exec-5] DEBUG com.qg.mapper.ModuleMapper.insert.debug:135 - ==>  Preparing: INSERT INTO module ( project_id, module_name, is_active ) VALUES ( ?, ?, ? )
2025-08-05 16:07:59.666 [http-nio-8080-exec-5] DEBUG com.qg.mapper.ModuleMapper.insert.debug:135 - ==> Parameters: 1(String), 订单(String), false(Boolean)
2025-08-05 16:07:59.680 [http-nio-8080-exec-5] DEBUG com.qg.mapper.ModuleMapper.insert.debug:135 - <==    Updates: 1
2025-08-05 16:07:59.681 [http-nio-8080-exec-5] INFO  c.qg.service.impl.ModuleServiceImpl.addModule:38 - 添加模块成功: Module(id=4, projectId=1, moduleName=订单, isActive=false, createdTime=null, deletedTime=null)
2025-08-05 16:13:04.447 [http-nio-8080-exec-7] INFO  c.qg.service.impl.ModuleServiceImpl.addModule:24 - 添加模块: Module(id=null, projectId=1, moduleName=订单, isActive=false, createdTime=null, deletedTime=null)
2025-08-05 16:13:04.449 [http-nio-8080-exec-7] DEBUG com.qg.mapper.ModuleMapper.insert.debug:135 - ==>  Preparing: INSERT INTO module ( project_id, module_name, is_active ) VALUES ( ?, ?, ? )
2025-08-05 16:13:04.449 [http-nio-8080-exec-7] DEBUG com.qg.mapper.ModuleMapper.insert.debug:135 - ==> Parameters: 1(String), 订单(String), false(Boolean)
2025-08-05 16:13:04.464 [http-nio-8080-exec-7] DEBUG com.qg.mapper.ModuleMapper.insert.debug:135 - <==    Updates: 1
2025-08-05 16:13:04.464 [http-nio-8080-exec-7] INFO  c.qg.service.impl.ModuleServiceImpl.addModule:38 - 添加模块成功: Module(id=5, projectId=1, moduleName=订单, isActive=false, createdTime=null, deletedTime=null)
2025-08-05 16:18:18.266 [SpringApplicationShutdownHook] INFO  o.s.b.w.e.tomcat.GracefulShutdown.shutDownGracefully:54 - Commencing graceful shutdown. Waiting for active requests to complete
2025-08-05 16:18:18.271 [tomcat-shutdown] INFO  o.s.b.w.e.tomcat.GracefulShutdown.doShutdown:76 - Graceful shutdown complete
2025-08-05 16:18:18.317 [SpringApplicationShutdownHook] INFO  c.alibaba.druid.pool.DruidDataSource.close:2204 - {dataSource-1} closing ...
2025-08-05 16:18:18.320 [SpringApplicationShutdownHook] INFO  c.alibaba.druid.pool.DruidDataSource.close:2277 - {dataSource-1} closed
2025-08-05 16:18:23.519 [main] INFO  com.qg.PmpApplication.logStarting:53 - Starting PmpApplication using Java 21.0.5 with PID 48712 (C:\Users\28642\Java\QG暑假末期考核\QG-monitor\pmp\target\classes started by 28642 in C:\Users\28642\Java\QG暑假末期考核\QG-monitor\pmp)
2025-08-05 16:18:23.520 [main] DEBUG com.qg.PmpApplication.logStarting:54 - Running with Spring Boot v3.5.4, Spring v6.2.9
2025-08-05 16:18:23.521 [main] INFO  com.qg.PmpApplication.logStartupProfileInfo:652 - No active profile set, falling back to 1 default profile: "default"
2025-08-05 16:18:24.262 [main] INFO  o.s.d.r.c.RepositoryConfigurationDelegate.multipleStoresDetected:294 - Multiple Spring Data modules found, entering strict repository configuration mode
2025-08-05 16:18:24.264 [main] INFO  o.s.d.r.c.RepositoryConfigurationDelegate.registerRepositoriesIn:145 - Bootstrapping Spring Data Redis repositories in DEFAULT mode.
2025-08-05 16:18:24.285 [main] INFO  o.s.d.r.c.RepositoryConfigurationDelegate.registerRepositoriesIn:213 - Finished Spring Data repository scanning in 8 ms. Found 0 Redis repository interfaces.
2025-08-05 16:18:24.713 [main] INFO  o.s.b.w.e.tomcat.TomcatWebServer.initialize:111 - Tomcat initialized with port 8080 (http)
2025-08-05 16:18:24.727 [main] INFO  o.a.catalina.core.StandardService.log:168 - Starting service [Tomcat]
2025-08-05 16:18:24.727 [main] INFO  o.a.catalina.core.StandardEngine.log:168 - Starting Servlet engine: [Apache Tomcat/10.1.43]
2025-08-05 16:18:24.793 [main] INFO  o.a.c.c.C.[Tomcat].[localhost].[/].log:168 - Initializing Spring embedded WebApplicationContext
2025-08-05 16:18:24.793 [main] INFO  o.s.b.w.s.c.ServletWebServerApplicationContext.prepareWebApplicationContext:301 - Root WebApplicationContext: initialization completed in 1240 ms
2025-08-05 16:18:25.609 [main] INFO  o.s.v.b.OptionalValidatorFactoryBean.afterPropertiesSet:48 - Failed to set up a Bean Validation provider: jakarta.validation.NoProviderFoundException: Unable to create a Configuration, because no Jakarta Bean Validation provider could be found. Add a provider like Hibernate Validator (RI) to your classpath.
2025-08-05 16:18:25.990 [main] INFO  o.s.b.w.e.tomcat.TomcatWebServer.start:243 - Tomcat started on port 8080 (http) with context path '/'
2025-08-05 16:18:25.998 [main] INFO  com.qg.PmpApplication.logStarted:59 - Started PmpApplication in 3.021 seconds (process running for 3.626)
2025-08-05 16:18:39.877 [http-nio-8080-exec-2] INFO  o.a.c.c.C.[Tomcat].[localhost].[/].log:168 - Initializing Spring DispatcherServlet 'dispatcherServlet'
2025-08-05 16:18:39.877 [http-nio-8080-exec-2] INFO  o.s.web.servlet.DispatcherServlet.initServletBean:532 - Initializing Servlet 'dispatcherServlet'
2025-08-05 16:18:39.878 [http-nio-8080-exec-2] INFO  o.s.web.servlet.DispatcherServlet.initServletBean:554 - Completed initialization in 1 ms
2025-08-05 16:18:39.979 [http-nio-8080-exec-2] INFO  c.qg.service.impl.ModuleServiceImpl.addModule:24 - 添加模块: Module(id=null, projectId=1, moduleName=订单, createdTime=null, deletedTime=null)
2025-08-05 16:18:40.050 [http-nio-8080-exec-2] ERROR c.alibaba.druid.pool.DruidDataSource.validationQueryCheck:1249 - testWhileIdle is true, validationQuery not set
2025-08-05 16:18:40.061 [http-nio-8080-exec-2] INFO  c.alibaba.druid.pool.DruidDataSource.init:1002 - {dataSource-1} inited
2025-08-05 16:18:40.296 [http-nio-8080-exec-2] DEBUG com.qg.mapper.ModuleMapper.insert.debug:135 - ==>  Preparing: INSERT INTO module ( project_id, module_name ) VALUES ( ?, ? )
2025-08-05 16:18:40.311 [http-nio-8080-exec-2] DEBUG com.qg.mapper.ModuleMapper.insert.debug:135 - ==> Parameters: 1(String), 订单(String)
2025-08-05 16:18:40.327 [http-nio-8080-exec-2] DEBUG com.qg.mapper.ModuleMapper.insert.debug:135 - <==    Updates: 1
2025-08-05 16:18:40.332 [http-nio-8080-exec-2] INFO  c.qg.service.impl.ModuleServiceImpl.addModule:38 - 添加模块成功: Module(id=6, projectId=1, moduleName=订单, createdTime=null, deletedTime=null)
2025-08-05 16:33:14.217 [SpringApplicationShutdownHook] INFO  o.s.b.w.e.tomcat.GracefulShutdown.shutDownGracefully:54 - Commencing graceful shutdown. Waiting for active requests to complete
2025-08-05 16:33:14.222 [tomcat-shutdown] INFO  o.s.b.w.e.tomcat.GracefulShutdown.doShutdown:76 - Graceful shutdown complete
2025-08-05 16:33:14.241 [SpringApplicationShutdownHook] INFO  c.alibaba.druid.pool.DruidDataSource.close:2204 - {dataSource-1} closing ...
2025-08-05 16:33:14.243 [SpringApplicationShutdownHook] INFO  c.alibaba.druid.pool.DruidDataSource.close:2277 - {dataSource-1} closed
2025-08-05 16:33:19.474 [main] INFO  com.qg.PmpApplication.logStarting:53 - Starting PmpApplication using Java 21.0.5 with PID 67260 (C:\Users\28642\Java\QG暑假末期考核\QG-monitor\pmp\target\classes started by 28642 in C:\Users\28642\Java\QG暑假末期考核\QG-monitor\pmp)
2025-08-05 16:33:19.476 [main] DEBUG com.qg.PmpApplication.logStarting:54 - Running with Spring Boot v3.5.4, Spring v6.2.9
2025-08-05 16:33:19.476 [main] INFO  com.qg.PmpApplication.logStartupProfileInfo:652 - No active profile set, falling back to 1 default profile: "default"
2025-08-05 16:33:20.200 [main] INFO  o.s.d.r.c.RepositoryConfigurationDelegate.multipleStoresDetected:294 - Multiple Spring Data modules found, entering strict repository configuration mode
2025-08-05 16:33:20.202 [main] INFO  o.s.d.r.c.RepositoryConfigurationDelegate.registerRepositoriesIn:145 - Bootstrapping Spring Data Redis repositories in DEFAULT mode.
2025-08-05 16:33:20.227 [main] INFO  o.s.d.r.c.RepositoryConfigurationDelegate.registerRepositoriesIn:213 - Finished Spring Data repository scanning in 9 ms. Found 0 Redis repository interfaces.
2025-08-05 16:33:20.648 [main] INFO  o.s.b.w.e.tomcat.TomcatWebServer.initialize:111 - Tomcat initialized with port 8080 (http)
2025-08-05 16:33:20.661 [main] INFO  o.a.catalina.core.StandardService.log:168 - Starting service [Tomcat]
2025-08-05 16:33:20.662 [main] INFO  o.a.catalina.core.StandardEngine.log:168 - Starting Servlet engine: [Apache Tomcat/10.1.43]
2025-08-05 16:33:20.724 [main] INFO  o.a.c.c.C.[Tomcat].[localhost].[/].log:168 - Initializing Spring embedded WebApplicationContext
2025-08-05 16:33:20.725 [main] INFO  o.s.b.w.s.c.ServletWebServerApplicationContext.prepareWebApplicationContext:301 - Root WebApplicationContext: initialization completed in 1215 ms
2025-08-05 16:33:21.536 [main] INFO  o.s.v.b.OptionalValidatorFactoryBean.afterPropertiesSet:48 - Failed to set up a Bean Validation provider: jakarta.validation.NoProviderFoundException: Unable to create a Configuration, because no Jakarta Bean Validation provider could be found. Add a provider like Hibernate Validator (RI) to your classpath.
2025-08-05 16:33:21.924 [main] INFO  o.s.b.w.e.tomcat.TomcatWebServer.start:243 - Tomcat started on port 8080 (http) with context path '/'
2025-08-05 16:33:21.931 [main] INFO  com.qg.PmpApplication.logStarted:59 - Started PmpApplication in 2.998 seconds (process running for 3.6)
2025-08-05 16:33:25.426 [http-nio-8080-exec-1] INFO  o.a.c.c.C.[Tomcat].[localhost].[/].log:168 - Initializing Spring DispatcherServlet 'dispatcherServlet'
2025-08-05 16:33:25.426 [http-nio-8080-exec-1] INFO  o.s.web.servlet.DispatcherServlet.initServletBean:532 - Initializing Servlet 'dispatcherServlet'
2025-08-05 16:33:25.428 [http-nio-8080-exec-1] INFO  o.s.web.servlet.DispatcherServlet.initServletBean:554 - Completed initialization in 2 ms
2025-08-05 16:33:25.536 [http-nio-8080-exec-1] ERROR c.alibaba.druid.pool.DruidDataSource.validationQueryCheck:1249 - testWhileIdle is true, validationQuery not set
2025-08-05 16:33:25.544 [http-nio-8080-exec-1] INFO  c.alibaba.druid.pool.DruidDataSource.init:1002 - {dataSource-1} inited
2025-08-05 16:33:25.771 [http-nio-8080-exec-1] DEBUG com.qg.mapper.ModuleMapper.update.debug:135 - ==>  Preparing: UPDATE module SET deleted_time=? WHERE (id = ?)
2025-08-05 16:33:25.788 [http-nio-8080-exec-1] DEBUG com.qg.mapper.ModuleMapper.update.debug:135 - ==> Parameters: 2025-08-05T16:33:25.468839600(LocalDateTime), 5(Long)
2025-08-05 16:33:25.802 [http-nio-8080-exec-1] DEBUG com.qg.mapper.ModuleMapper.update.debug:135 - <==    Updates: 0
2025-08-05 16:33:25.804 [http-nio-8080-exec-1] WARN  c.qg.service.impl.ModuleServiceImpl.deleteById:93 - 删除模块失败，id: 5
2025-08-05 16:36:19.086 [http-nio-8080-exec-3] DEBUG c.qg.mapper.ModuleMapper.selectList.debug:135 - ==>  Preparing: SELECT id,project_id,module_name,created_time,deleted_time FROM module WHERE (project_id = ? AND deleted_time IS NULL)
2025-08-05 16:36:19.087 [http-nio-8080-exec-3] DEBUG c.qg.mapper.ModuleMapper.selectList.debug:135 - ==> Parameters: 1(String)
2025-08-05 16:36:19.117 [http-nio-8080-exec-3] DEBUG c.qg.mapper.ModuleMapper.selectList.debug:135 - <==      Total: 1
2025-08-05 16:36:19.123 [http-nio-8080-exec-3] INFO  c.qg.service.impl.ModuleServiceImpl.selectByProjectId:66 - 成功查询模块: [Module(id=6, projectId=1, moduleName=订单, createdTime=2025-08-05T16:18:41.097677, deletedTime=null)]
2025-08-05 16:36:26.662 [http-nio-8080-exec-5] DEBUG com.qg.mapper.ModuleMapper.update.debug:135 - ==>  Preparing: UPDATE module SET deleted_time=? WHERE (id = ?)
2025-08-05 16:36:26.663 [http-nio-8080-exec-5] DEBUG com.qg.mapper.ModuleMapper.update.debug:135 - ==> Parameters: 2025-08-05T16:36:26.661623100(LocalDateTime), 6(Long)
2025-08-05 16:36:26.684 [http-nio-8080-exec-5] DEBUG com.qg.mapper.ModuleMapper.update.debug:135 - <==    Updates: 1
2025-08-05 16:36:26.684 [http-nio-8080-exec-5] INFO  c.qg.service.impl.ModuleServiceImpl.deleteById:90 - 删除模块成功，id: 6
2025-08-05 16:36:31.981 [http-nio-8080-exec-7] DEBUG c.qg.mapper.ModuleMapper.selectList.debug:135 - ==>  Preparing: SELECT id,project_id,module_name,created_time,deleted_time FROM module WHERE (project_id = ? AND deleted_time IS NULL)
2025-08-05 16:36:31.982 [http-nio-8080-exec-7] DEBUG c.qg.mapper.ModuleMapper.selectList.debug:135 - ==> Parameters: 1(String)
2025-08-05 16:36:31.995 [http-nio-8080-exec-7] DEBUG c.qg.mapper.ModuleMapper.selectList.debug:135 - <==      Total: 0
2025-08-05 16:36:31.996 [http-nio-8080-exec-7] INFO  c.qg.service.impl.ModuleServiceImpl.selectByProjectId:66 - 成功查询模块: []
2025-08-05 16:46:59.460 [SpringApplicationShutdownHook] INFO  o.s.b.w.e.tomcat.GracefulShutdown.shutDownGracefully:54 - Commencing graceful shutdown. Waiting for active requests to complete
2025-08-05 16:46:59.468 [tomcat-shutdown] INFO  o.s.b.w.e.tomcat.GracefulShutdown.doShutdown:76 - Graceful shutdown complete
2025-08-05 16:46:59.490 [SpringApplicationShutdownHook] INFO  c.alibaba.druid.pool.DruidDataSource.close:2204 - {dataSource-1} closing ...
2025-08-05 16:46:59.494 [SpringApplicationShutdownHook] INFO  c.alibaba.druid.pool.DruidDataSource.close:2277 - {dataSource-1} closed
